2025-12-19 14:36:10:3610 error: [错误处理] GET /api/waterfall?page=1&pageSize=10 - IP: ::ffff:127.0.0.1 - 状态码: 500 - 错误: 
Invalid `prisma.waterfallItem.findMany()` invocation in
C:\Users\xmm\studioProjects\flutter_ex1_back\src\services\waterfallService.ts:39:30

  36 const skip = (page - 1) * pageSize;
  37 
  38 const [items, total] = await Promise.all([
→ 39     prisma.waterfallItem.findMany(
Can't reach database server at `xxxx:3306`

Please make sure your database server is running at `xxxx:3306`. - 堆栈: PrismaClientInitializationError: 
Invalid `prisma.waterfallItem.findMany()` invocation in
C:\Users\xmm\studioProjects\flutter_ex1_back\src\services\waterfallService.ts:39:30

  36 const skip = (page - 1) * pageSize;
  37 
  38 const [items, total] = await Promise.all([
→ 39     prisma.waterfallItem.findMany(
Can't reach database server at `xxxx:3306`

Please make sure your database server is running at `xxxx:3306`.
    at zn.handleRequestError (C:\Users\xmm\studioProjects\flutter_ex1_back\node_modules\@prisma\client\runtime\library.js:121:7759)
    at zn.handleAndLogRequestError (C:\Users\xmm\studioProjects\flutter_ex1_back\node_modules\@prisma\client\runtime\library.js:121:6784)
    at zn.request (C:\Users\xmm\studioProjects\flutter_ex1_back\node_modules\@prisma\client\runtime\library.js:121:6491)
    at async l (C:\Users\xmm\studioProjects\flutter_ex1_back\node_modules\@prisma\client\runtime\library.js:130:9778)
    at async Promise.all (index 0)
    at async getWaterfallItems (C:\Users\xmm\studioProjects\flutter_ex1_back\src\services\waterfallService.ts:38:28)
    at async getWaterfallItemsController (C:\Users\xmm\studioProjects\flutter_ex1_back\src\controllers\waterfallController.ts:25:20)
2025-12-19 14:37:38:3738 error: [错误处理] GET /api/waterfall?page=1&pageSize=10 - IP: ::ffff:127.0.0.1 - 状态码: 500 - 错误: 
Invalid `prisma.waterfallItem.findMany()` invocation in
C:\Users\xmm\studioProjects\flutter_ex1_back\src\services\waterfallService.ts:39:30

  36 const skip = (page - 1) * pageSize;
  37 
  38 const [items, total] = await Promise.all([
→ 39     prisma.waterfallItem.findMany(
Can't reach database server at `xxxx:3306`

Please make sure your database server is running at `xxxx:3306`. - 堆栈: PrismaClientInitializationError: 
Invalid `prisma.waterfallItem.findMany()` invocation in
C:\Users\xmm\studioProjects\flutter_ex1_back\src\services\waterfallService.ts:39:30

  36 const skip = (page - 1) * pageSize;
  37 
  38 const [items, total] = await Promise.all([
→ 39     prisma.waterfallItem.findMany(
Can't reach database server at `xxxx:3306`

Please make sure your database server is running at `xxxx:3306`.
    at zn.handleRequestError (C:\Users\xmm\studioProjects\flutter_ex1_back\node_modules\@prisma\client\runtime\library.js:121:7759)
    at zn.handleAndLogRequestError (C:\Users\xmm\studioProjects\flutter_ex1_back\node_modules\@prisma\client\runtime\library.js:121:6784)
    at zn.request (C:\Users\xmm\studioProjects\flutter_ex1_back\node_modules\@prisma\client\runtime\library.js:121:6491)
    at async l (C:\Users\xmm\studioProjects\flutter_ex1_back\node_modules\@prisma\client\runtime\library.js:130:9778)
    at async Promise.all (index 0)
    at async getWaterfallItems (C:\Users\xmm\studioProjects\flutter_ex1_back\src\services\waterfallService.ts:38:28)
    at async getWaterfallItemsController (C:\Users\xmm\studioProjects\flutter_ex1_back\src\controllers\waterfallController.ts:25:20)
